Change Component Designator: Old Designator=C10 New Designator=C1
Change Component Designator: Old Designator=C11 New Designator=C2
Change Component Designator: Old Designator=C12 New Designator=C3
Change Component Designator: Old Designator=C13 New Designator=C4
Change Component Designator: Old Designator=C14 New Designator=C5
Change Component Designator: Old Designator=C15 New Designator=C6
Change Component Designator: Old Designator=C16 New Designator=C7
Change Component Designator: Old Designator=C17 New Designator=C8
Change Component Designator: Old Designator=C18 New Designator=C9
Change Component Designator: Old Designator=C19 New Designator=C10
Change Component Designator: Old Designator=C20 New Designator=C11
Change Component Designator: Old Designator=D3 New Designator=D1
Change Component Designator: Old Designator=L2 New Designator=L1
Change Component Designator: Old Designator=R19 New Designator=R1
Change Component Designator: Old Designator=R20 New Designator=R2
Change Component Designator: Old Designator=R21 New Designator=R3
Change Component Designator: Old Designator=R22 New Designator=R4
Change Component Designator: Old Designator=R23 New Designator=R5
Change Component Designator: Old Designator=R24 New Designator=R6
Change Component Designator: Old Designator=R25 New Designator=R7
Change Component Designator: Old Designator=R26 New Designator=R8
Change Component Designator: Old Designator=R27 New Designator=R9
Change Component Designator: Old Designator=R28 New Designator=R10
Change Component Designator: Old Designator=R29 New Designator=R11
Change Component Designator: Old Designator=R30 New Designator=R12
Change Component Designator: Old Designator=R31 New Designator=R13
Change Component Designator: Old Designator=R32 New Designator=R14
Change Component Designator: Old Designator=R33 New Designator=R15
Change Component Designator: Old Designator=R34 New Designator=R16
Change Component Designator: Old Designator=R35 New Designator=R17
Change Component Designator: Old Designator=R36 New Designator=R18
Change Component Designator: Old Designator=SW2 New Designator=SW1
Change Component Designator: Old Designator=VD6 New Designator=VD1
Change Component Designator: Old Designator=VD7 New Designator=VD2
Change Component Designator: Old Designator=VD8 New Designator=VD3
Change Component Designator: Old Designator=VD9 New Designator=VD4
Change Component Designator: Old Designator=VD10 New Designator=VD5
Change Component Designator: Old Designator=VD11 New Designator=VD6
Change Component Designator: Old Designator=VD12 New Designator=VD7
Change Component Designator: Old Designator=VT7 New Designator=VT1
Change Component Designator: Old Designator=VT8 New Designator=VT2
Change Component Designator: Old Designator=VT9 New Designator=VT3
Change Component Designator: Old Designator=VT10 New Designator=VT4
Change Component Designator: Old Designator=VT11 New Designator=VT5
Change Component Designator: Old Designator=VT12 New Designator=VT6
Change Component Designator: Old Designator=X5 New Designator=X1
Change Component Designator: Old Designator=X6 New Designator=X2
Change Component Designator: Old Designator=X7 New Designator=X3
Change Component Designator: Old Designator=X8 New Designator=X4
